# JRE version: OpenJDK Runtime Environment Temurin-17.0.11+9 (17.0.11+9) (build 17.0.11+9)
# Java VM: OpenJDK 64-Bit Server VM Temurin-17.0.11+9 (17.0.11+9, mixed mode, sharing, tiered, compressed oops, compressed class ptrs, g1 gc, linux-amd64)
GC Precious Log:
 CPUs: 8 total, 8 available
 Memory: 15335M
 Large Page Support: Disabled
 NUMA Support: Disabled
 Compressed Oops: Enabled (Zero based)
 Heap Region Size: 2M
 Heap Min Capacity: 8M
 Heap Initial Capacity: 240M
 Heap Max Capacity: 3834M
 Pre-touch: Disabled
 Parallel Workers: 8
 Concurrent Workers: 2
 Concurrent Refinement Workers: 8
 Periodic GC: Disabled
Heap:
 garbage-first heap   total 294912K, used 185600K [0x0000000710600000, 0x0000000800000000)
  region size 2048K, 25 young (51200K), 5 survivors (10240K)
 Metaspace       used 23641K, committed 24000K, reserved 1114112K
  class space    used 2594K, committed 2752K, reserved 1048576K
GC Heap History (20 events):
Event: 0.393 GC heap before
{Heap before GC invocations=0 (full 0):
 garbage-first heap   total 249856K, used 24496K [0x0000000710600000, 0x0000000800000000)
  region size 2048K, 11 young (22528K), 0 survivors (0K)
 Metaspace       used 5764K, committed 5952K, reserved 1114112K
  class space    used 690K, committed 768K, reserved 1048576K
}
Event: 0.397 GC heap after
{Heap after GC invocations=1 (full 0):
 garbage-first heap   total 249856K, used 5206K [0x0000000710600000, 0x0000000800000000)
  region size 2048K, 2 young (4096K), 2 survivors (4096K)
 Metaspace       used 5764K, committed 5952K, reserved 1114112K
  class space    used 690K, committed 768K, reserved 1048576K
}
Event: 0.999 GC heap before
{Heap before GC invocations=1 (full 0):
 garbage-first heap   total 249856K, used 54358K [0x0000000710600000, 0x0000000800000000)
  region size 2048K, 26 young (53248K), 2 survivors (4096K)
 Metaspace       used 13293K, committed 13440K, reserved 1114112K
  class space    used 1658K, committed 1728K, reserved 1048576K
}
Event: 1.005 GC heap after
{Heap after GC invocations=2 (full 0):
 garbage-first heap   total 249856K, used 8210K [0x0000000710600000, 0x0000000800000000)
  region size 2048K, 4 young (8192K), 4 survivors (8192K)
 Metaspace       used 13293K, committed 13440K, reserved 1114112K
  class space    used 1658K, committed 1728K, reserved 1048576K
}
Event: 1.825 GC heap before
{Heap before GC invocations=2 (full 0):
 garbage-first heap   total 249856K, used 147474K [0x0000000710600000, 0x0000000800000000)
  region size 2048K, 72 young (147456K), 4 survivors (8192K)
 Metaspace       used 16539K, committed 16704K, reserved 1114112K
  class space    used 1897K, committed 1984K, reserved 1048576K
}
Event: 1.843 GC heap after
{Heap after GC invocations=3 (full 0):
 garbage-first heap   total 249856K, used 22390K [0x0000000710600000, 0x0000000800000000)
  region size 2048K, 9 young (18432K), 9 survivors (18432K)
 Metaspace       used 16539K, committed 16704K, reserved 1114112K
  class space    used 1897K, committed 1984K, reserved 1048576K
}
Event: 2.265 GC heap before
{Heap before GC invocations=3 (full 0):
 garbage-first heap   total 249856K, used 96118K [0x0000000710600000, 0x0000000800000000)
  region size 2048K, 45 young (92160K), 9 survivors (18432K)
 Metaspace       used 18231K, committed 18560K, reserved 1114112K
  class space    used 2067K, committed 2240K, reserved 1048576K
}
Event: 2.289 GC heap after
{Heap after GC invocations=4 (full 0):
 garbage-first heap   total 249856K, used 34911K [0x0000000710600000, 0x0000000800000000)
  region size 2048K, 6 young (12288K), 6 survivors (12288K)
 Metaspace       used 18231K, committed 18560K, reserved 1114112K
  class space    used 2067K, committed 2240K, reserved 1048576K
}
Event: 2.696 GC heap before
{Heap before GC invocations=4 (full 0):
 garbage-first heap   total 249856K, used 168031K [0x0000000710600000, 0x0000000800000000)
  region size 2048K, 71 young (145408K), 6 survivors (12288K)
 Metaspace       used 18576K, committed 18944K, reserved 1114112K
  class space    used 2072K, committed 2240K, reserved 1048576K
}
Event: 2.719 GC heap after
{Heap after GC invocations=5 (full 0):
 garbage-first heap   total 249856K, used 60409K [0x0000000710600000, 0x0000000800000000)
  region size 2048K, 9 young (18432K), 9 survivors (18432K)
 Metaspace       used 18576K, committed 18944K, reserved 1114112K
  class space    used 2072K, committed 2240K, reserved 1048576K
}
Event: 3.105 GC heap before
{Heap before GC invocations=5 (full 0):
 garbage-first heap   total 249856K, used 101369K [0x0000000710600000, 0x0000000800000000)
  region size 2048K, 30 young (61440K), 9 survivors (18432K)
 Metaspace       used 21198K, committed 21504K, reserved 1114112K
  class space    used 2345K, committed 2496K, reserved 1048576K
}
Event: 3.121 GC heap after
{Heap after GC invocations=6 (full 0):
 garbage-first heap   total 329728K, used 64758K [0x0000000710600000, 0x0000000800000000)
  region size 2048K, 2 young (4096K), 2 survivors (4096K)
 Metaspace       used 21198K, committed 21504K, reserved 1114112K
  class space    used 2345K, committed 2496K, reserved 1048576K
}
Event: 3.568 GC heap before
{Heap before GC invocations=7 (full 0):
 garbage-first heap   total 260096K, used 222454K [0x0000000710600000, 0x0000000800000000)
  region size 2048K, 80 young (163840K), 2 survivors (4096K)
 Metaspace       used 22930K, committed 23232K, reserved 1114112K
  class space    used 2527K, committed 2688K, reserved 1048576K
}
Event: 3.586 GC heap after
{Heap after GC invocations=8 (full 0):
 garbage-first heap   total 262144K, used 95488K [0x0000000710600000, 0x0000000800000000)
  region size 2048K, 11 young (22528K), 11 survivors (22528K)
 Metaspace       used 22930K, committed 23232K, reserved 1114112K
  class space    used 2527K, committed 2688K, reserved 1048576K
}
Event: 3.964 GC heap before
{Heap before GC invocations=9 (full 0):
 garbage-first heap   total 262144K, used 191744K [0x0000000710600000, 0x0000000800000000)
  region size 2048K, 57 young (116736K), 11 survivors (22528K)
 Metaspace       used 23691K, committed 24064K, reserved 1114112K
  class space    used 2603K, committed 2752K, reserved 1048576K
}
Event: 3.980 GC heap after
{Heap after GC invocations=10 (full 0):
 garbage-first heap   total 262144K, used 120819K [0x0000000710600000, 0x0000000800000000)
  region size 2048K, 8 young (16384K), 8 survivors (16384K)
 Metaspace       used 23691K, committed 24064K, reserved 1114112K
  class space    used 2603K, committed 2752K, reserved 1048576K
}
Event: 4.151 GC heap before
{Heap before GC invocations=10 (full 0):
 garbage-first heap   total 262144K, used 192499K [0x0000000710600000, 0x0000000800000000)
  region size 2048K, 43 young (88064K), 8 survivors (16384K)
 Metaspace       used 23703K, committed 24064K, reserved 1114112K
  class space    used 2603K, committed 2752K, reserved 1048576K
}
Event: 4.162 GC heap after
{Heap after GC invocations=11 (full 0):
 garbage-first heap   total 262144K, used 130950K [0x0000000710600000, 0x0000000800000000)
  region size 2048K, 6 young (12288K), 6 survivors (12288K)
 Metaspace       used 23703K, committed 24064K, reserved 1114112K
  class space    used 2603K, committed 2752K, reserved 1048576K
}
Event: 4.297 GC heap before
{Heap before GC invocations=11 (full 0):
 garbage-first heap   total 262144K, used 192390K [0x0000000710600000, 0x0000000800000000)
  region size 2048K, 36 young (73728K), 6 survivors (12288K)
 Metaspace       used 23724K, committed 24064K, reserved 1114112K
  class space    used 2603K, committed 2752K, reserved 1048576K
}
Event: 4.308 GC heap after
{Heap after GC invocations=12 (full 0):
 garbage-first heap   total 262144K, used 148736K [0x0000000710600000, 0x0000000800000000)
  region size 2048K, 5 young (10240K), 5 survivors (10240K)
 Metaspace       used 23724K, committed 24064K, reserved 1114112K
  class space    used 2603K, committed 2752K, reserved 1048576K
}

